# BLASTP 2.7.1+
# Query: AAY92870.1 tryptophan halogenase PrnA [Pseudomonas protegens Pf-5]
# RID: ZZWMG47A014
# Database: nr
# Fields: query acc.ver, subject acc.ver, % identity, alignment length, mismatches, gap opens, q. start, q. end, s. start, s. end, evalue, bit score
# 19 hits found
AAY92870.1	WP_014215977.1	25.342	146	77	5	6	146	23	141	0.38	29.3
AAY92870.1	WP_014216000.1	42.857	28	16	0	330	357	215	242	0.42	28.9
AAY92870.1	WP_014214873.1	30.952	84	46	4	435	512	188	265	0.86	28.1
AAY92870.1	WP_014216034.1	28.947	76	46	3	377	451	579	647	0.93	28.1
AAY92870.1	WP_014215632.1	53.333	30	12	2	258	287	200	227	0.98	27.7
AAY92870.1	WP_014215011.1	32.759	58	30	2	164	213	157	213	1.9	26.9
AAY92870.1	BAP86223.1	44.444	36	19	1	178	213	179	213	1.9	26.9
AAY92870.1	WP_014214603.1	31.481	54	30	2	171	223	188	235	2.5	26.6
AAY92870.1	WP_014215762.1	31.034	58	33	2	476	529	481	535	2.8	26.6
AAY92870.1	WP_014214764.1	26.829	41	28	1	52	90	98	138	3.1	26.2
AAY92870.1	WP_014215110.1	29.114	79	49	2	196	267	89	167	3.3	26.2
AAY92870.1	WP_014214803.1	38.235	34	18	1	5	38	154	184	4.6	25.8
AAY92870.1	WP_014215835.1	42.105	38	17	2	1	37	6	39	4.7	25.0
AAY92870.1	WP_041534626.1	23.009	113	70	4	118	219	458	564	5.0	25.8
AAY92870.1	AEV95421.1	23.009	113	70	4	118	219	461	567	5.1	25.8
AAY92870.1	WP_014215306.1	28.395	81	46	3	5	85	125	193	6.1	25.0
AAY92870.1	WP_041534605.1	25.472	106	70	5	425	528	59	157	7.6	25.0
AAY92870.1	AEV95154.1	25.472	106	70	5	425	528	60	158	8.1	25.0
AAY92870.1	WP_014215034.1	52.381	21	10	0	7	27	6	26	9.4	24.6
# BLAST processed 1 queries
